<html>
<head>
<title>TestNG:  Test</title>
<link href="../testng.css" rel="stylesheet" type="text/css" />
<link href="../my-testng.css" rel="stylesheet" type="text/css" />

<style type="text/css">
.log { display: none;} 
.stack-trace { display: none;} 
</style>
<script type="text/javascript">
<!--
function flip(e) {
  current = e.style.display;
  if (current == 'block') {
    e.style.display = 'none';
    return 0;
  }
  else {
    e.style.display = 'block';
    return 1;
  }
}

function toggleBox(szDivId, elem, msg1, msg2)
{
  var res = -1;  if (document.getElementById) {
    res = flip(document.getElementById(szDivId));
  }
  else if (document.all) {
    // this is the way old msie versions work
    res = flip(document.all[szDivId]);
  }
  if(elem) {
    if(res == 0) elem.innerHTML = msg1; else elem.innerHTML = msg2;
  }

}

function toggleAllBoxes() {
  if (document.getElementsByTagName) {
    d = document.getElementsByTagName('div');
    for (i = 0; i < d.length; i++) {
      if (d[i].className == 'log') {
        flip(d[i]);
      }
    }
  }
}

// -->
</script>

</head>
<body>
<h2 align='center'>Test</h2><table border='1' align="center">
<tr>
<td>Tests passed/Failed/Skipped:</td><td>11/1/0</td>
</tr><tr>
<td>Started on:</td><td>Wed Jun 18 19:50:10 IST 2025</td>
</tr>
<tr><td>Total time:</td><td>2474 seconds (2474267 ms)</td>
</tr><tr>
<td>Included groups:</td><td></td>
</tr><tr>
<td>Excluded groups:</td><td></td>
</tr>
</table><p/>
<small><i>(Hover the method name to see the test class name)</i></small><p/>
<table width='100%' border='1' class='invocation-failed'>
<tr><td colspan='4' align='center'><b>FAILED TESTS</b></td></tr>
<tr><td><b>Test method</b></td>
<td><b>Attribute(s)</b></td>
<td width="30%"><b>Exception</b></td>
<td width="10%"><b>Time (seconds)</b></td>
<td><b>Instance</b></td>
</tr>
<tr>
<td title='com.Connectsei_testcases_login_module.TC05_ProfilePage.Connectsei_Profile_Page_UI_And_Functional_Check()'><b>Connectsei_Profile_Page_UI_And_Functional_Check</b><br>Test class: com.Connectsei_testcases_login_module.TC05_ProfilePage</td>
<td><div><pre>java.lang.RuntimeException: FAILED
	at com.utils.Reporter.reportStep(Reporter.java:51)
	at com.wrappers.GenericWrappers.clickbyXpath(GenericWrappers.java:348)
	at com.ProservPages.Register_page.LogoutProserv(Register_page.java:391)
	at com.Connectsei_testcases_login_module.TC05_ProfilePage.Connectsei_Profile_Page_UI_And_Functional_Check(TC05_ProfilePage.java:112)
	at java.base/java.util.ArrayList.forEach(ArrayList.java:1596)
... Removed 25 stack frames</pre></div><a href='#' onClick='toggleBox("stack-trace1496969287", this, "Click to show all stack frames", "Click to hide stack frames")'>Click to show all stack frames</a>
<div class='stack-trace' id='stack-trace1496969287'><pre>java.lang.RuntimeException: FAILED
	at com.utils.Reporter.reportStep(Reporter.java:51)
	at com.wrappers.GenericWrappers.clickbyXpath(GenericWrappers.java:348)
	at com.ProservPages.Register_page.LogoutProserv(Register_page.java:391)
	at com.Connectsei_testcases_login_module.TC05_ProfilePage.Connectsei_Profile_Page_UI_And_Functional_Check(TC05_ProfilePage.java:112)
	at java.base/jdk.internal.reflect.DirectMethodHandleAccessor.invoke(DirectMethodHandleAccessor.java:103)
	at java.base/java.lang.reflect.Method.invoke(Method.java:580)
	at org.testng.internal.invokers.MethodInvocationHelper.invokeMethod(MethodInvocationHelper.java:139)
	at org.testng.internal.invokers.TestInvoker.invokeMethod(TestInvoker.java:664)
	at org.testng.internal.invokers.TestInvoker.invokeTestMethod(TestInvoker.java:228)
	at org.testng.internal.invokers.MethodRunner.runInSequence(MethodRunner.java:63)
	at org.testng.internal.invokers.TestInvoker$MethodInvocationAgent.invoke(TestInvoker.java:961)
	at org.testng.internal.invokers.TestInvoker.invokeTestMethods(TestInvoker.java:201)
	at org.testng.internal.invokers.TestMethodWorker.invokeTestMethods(TestMethodWorker.java:148)
	at org.testng.internal.invokers.TestMethodWorker.run(TestMethodWorker.java:128)
	at java.base/java.util.ArrayList.forEach(ArrayList.java:1596)
	at org.testng.TestRunner.privateRun(TestRunner.java:819)
	at org.testng.TestRunner.run(TestRunner.java:619)
	at org.testng.SuiteRunner.runTest(SuiteRunner.java:443)
	at org.testng.SuiteRunner.runSequentially(SuiteRunner.java:437)
	at org.testng.SuiteRunner.privateRun(SuiteRunner.java:397)
	at org.testng.SuiteRunner.run(SuiteRunner.java:336)
	at org.testng.SuiteRunnerWorker.runSuite(SuiteRunnerWorker.java:52)
	at org.testng.SuiteRunnerWorker.run(SuiteRunnerWorker.java:95)
	at org.testng.TestNG.runSuitesSequentially(TestNG.java:1301)
	at org.testng.TestNG.runSuitesLocally(TestNG.java:1228)
	at org.testng.TestNG.runSuites(TestNG.java:1134)
	at org.testng.TestNG.run(TestNG.java:1101)
	at org.testng.remote.AbstractRemoteTestNG.run(AbstractRemoteTestNG.java:115)
	at org.testng.remote.RemoteTestNG.initAndRun(RemoteTestNG.java:293)
	at org.testng.remote.RemoteTestNG.main(RemoteTestNG.java:91)
</pre></div></td>
<td>182</td>
<td>com.Connectsei_testcases_login_module.TC05_ProfilePage@2dde1bff</td></tr>
</table><p>
<table width='100%' border='1' class='invocation-passed'>
<tr><td colspan='4' align='center'><b>PASSED TESTS</b></td></tr>
<tr><td><b>Test method</b></td>
<td><b>Attribute(s)</b></td>
<td width="30%"><b>Exception</b></td>
<td width="10%"><b>Time (seconds)</b></td>
<td><b>Instance</b></td>
</tr>
<tr>
<td title='com.Connectsei_testcases_login_module.TC01_RegisterPage.Connectsei_Register_Page_UI_And_Functional_Check()'><b>Connectsei_Register_Page_UI_And_Functional_Check</b><br>Test class: com.Connectsei_testcases_login_module.TC01_RegisterPage</td>
<td></td>
<td>423</td>
<td>com.Connectsei_testcases_login_module.TC01_RegisterPage@693fe6c9</td></tr>
<tr>
<td title='com.Connectsei_testcases_login_module.TC03_ForgotPasswordPage.Connectsei_Forgot_Password_Field_UI_And_Functional_Check()'><b>Connectsei_Forgot_Password_Field_UI_And_Functional_Check</b><br>Test class: com.Connectsei_testcases_login_module.TC03_ForgotPasswordPage</td>
<td></td>
<td>265</td>
<td>com.Connectsei_testcases_login_module.TC03_ForgotPasswordPage@49912c99</td></tr>
<tr>
<td title='com.Connectsei_testcases_login_module.TC04_HomePage.Connectsei_Notification_And_Home_Page_UI_And_Functional_Check()'><b>Connectsei_Notification_And_Home_Page_UI_And_Functional_Check</b><br>Test class: com.Connectsei_testcases_login_module.TC04_HomePage</td>
<td></td>
<td>126</td>
<td>com.Connectsei_testcases_login_module.TC04_HomePage@10163d6</td></tr>
<tr>
<td title='com.Testcases.TC_01_Register.TC01_Registeration()'><b>TC01_Registeration</b><br>Test class: com.Testcases.TC_01_Register</td>
<td></td>
<td>259</td>
<td>com.Testcases.TC_01_Register@15bbf42f</td></tr>
<tr>
<td title='com.Testcases.TC_04_HOMEPAGE.TC_04_Check_Homepage_Notification_and_Myorderpage()'><b>TC_04_Check_Homepage_Notification_and_Myorderpage</b><br>Test class: com.Testcases.TC_04_HOMEPAGE</td>
<td></td>
<td>97</td>
<td>com.Testcases.TC_04_HOMEPAGE@247d8ae</td></tr>
<tr>
<td title='com.Testcases.DeleteAccounts.TC_07_Delete_Connectsei_and_Proserv_Accounts()'><b>TC_07_Delete_Connectsei_and_Proserv_Accounts</b><br>Test class: com.Testcases.DeleteAccounts</td>
<td></td>
<td>93</td>
<td>com.Testcases.DeleteAccounts@6c130c45</td></tr>
<tr>
<td title='com.Testcases.TC_05_ProfilePage.TC_05_ProfilePage_Functionality()'><b>TC_05_ProfilePage_Functionality</b><br>Test class: com.Testcases.TC_05_ProfilePage</td>
<td></td>
<td>326</td>
<td>com.Testcases.TC_05_ProfilePage@48974e45</td></tr>
<tr>
<td title='com.Testcases.TC_06_BookingFlow.TC_06_Booking_Confirmation_Completion_and_Payment_Flow()'><b>TC_06_Booking_Confirmation_Completion_and_Payment_Flow</b><br>Test class: com.Testcases.TC_06_BookingFlow</td>
<td></td>
<td>431</td>
<td>com.Testcases.TC_06_BookingFlow@6a84a97d</td></tr>
<tr>
<td title='com.Connectsei_testcases_login_module.TC02_LoingPage.Connectsei_Login_Page_UI_And_Functional_Check()'><b>Connectsei_Login_Page_UI_And_Functional_Check</b><br>Test class: com.Connectsei_testcases_login_module.TC02_LoingPage</td>
<td></td>
<td>71</td>
<td>com.Connectsei_testcases_login_module.TC02_LoingPage@22e357dc</td></tr>
<tr>
<td title='com.Testcases.TC_03_ForgetPassword.TC_03_ForgetPassword_functionality()'><b>TC_03_ForgetPassword_functionality</b><br>Test class: com.Testcases.TC_03_ForgetPassword</td>
<td></td>
<td>138</td>
<td>com.Testcases.TC_03_ForgetPassword@5f9b2141</td></tr>
<tr>
<td title='com.Testcases.TC_02_Login.TC02_Login_functionality()'><b>TC02_Login_functionality</b><br>Test class: com.Testcases.TC_02_Login</td>
<td></td>
<td>58</td>
<td>com.Testcases.TC_02_Login@550ee7e5</td></tr>
</table><p>
</body>
</html>